<?xml version="1.0" encoding="UTF-8"?>
<project version="4">
  <component name="JUnitGeneratorProjectSettings">
    <option name="outputFilePattern" value="${SOURCEPATH}/[target directory]/${PACKAGE--你待测试类的包名}/${FILENAME}" />
    <option name="selectedTemplateKey" value="JUnit 4" />
  </component>
</project>